<?xml version="1.0" encoding="UTF-8"?>
<!-- Generated by org.testng.reporters.JUnitReportReporter -->
<testsuite hostname="LAPTOP-MFNDGBO1" failures="0" tests="4" name="mavan.Testngone" time="5.040" errors="0" timestamp="2023-08-04T17:43:21 IST" skipped="0">
  <testcase classname="mavan.Testngone" name="openApp" time="3.295"/>
  <testcase classname="mavan.Testngone" name="loginApp" time="0.609"/>
  <testcase classname="mavan.Testngone" name="logoutApp" time="0.264"/>
  <testcase classname="mavan.Testngone" name="closeApp" time="0.872"/>
</testsuite> <!-- mavan.Testngone -->
