<?xml version="1.0" encoding="UTF-8"?>
<!-- Generated by org.testng.reporters.JUnitReportReporter -->
<testsuite hostname="LAPTOP-MFNDGBO1" failures="0" tests="3" name="mavan.Testngtwo" time="5.237" errors="0" timestamp="2023-08-04T17:43:21 IST" skipped="0">
  <testcase classname="mavan.Testngtwo" name="openApp" time="2.326"/>
  <testcase classname="mavan.Testngtwo" name="waitforsometime" time="2.003"/>
  <testcase classname="mavan.Testngtwo" name="closeApp" time="0.908"/>
</testsuite> <!-- mavan.Testngtwo -->
