<?xml version="1.0" encoding="UTF-8"?>
<!-- Generated by org.testng.reporters.JUnitReportReporter -->
<testsuite hostname="LAPTOP-MFNDGBO1" failures="0" tests="3" name="mavan.Testngtwo" time="5.756" errors="0" timestamp="2023-08-04T18:00:55 IST" skipped="0">
  <testcase classname="mavan.Testngtwo" name="openApp" time="2.823"/>
  <testcase classname="mavan.Testngtwo" name="waitforsometime" time="2.005"/>
  <testcase classname="mavan.Testngtwo" name="closeApp" time="0.928"/>
</testsuite> <!-- mavan.Testngtwo -->
