<?xml version="1.0" encoding="UTF-8"?>
<!-- Generated by org.testng.reporters.JUnitReportReporter -->
<testsuite hostname="LAPTOP-MFNDGBO1" failures="0" tests="4" name="mavan.Testngone" time="8.003" errors="0" timestamp="2023-08-04T18:00:55 IST" skipped="0">
  <testcase classname="mavan.Testngone" name="openApp" time="5.537"/>
  <testcase classname="mavan.Testngone" name="loginApp" time="0.937"/>
  <testcase classname="mavan.Testngone" name="logoutApp" time="0.350"/>
  <testcase classname="mavan.Testngone" name="closeApp" time="1.179"/>
</testsuite> <!-- mavan.Testngone -->
